regex
\)\s+[^0\s]+


Initial
--> Fragmented the heap. GC unable to allocate sufficient space.


"Combined expression alternatives"
(Ln   77, Col   1)   21s  245.95306ms
		returntonumber(string.format("%."..(ndigits or 0).."g",number))
(Ln  860, Col   3)    7s 150.662686ms
		if ((tstamp_tbl[i] - tstamp_tbl[1]) - target_time) < (target_time - (tstamp_tbl[i-1] - tstamp_tbl[1])) then
			BATT_MODEL.voc[soc_index] = voc_tbl[i]
			BATT_MODEL.vload[soc_index] = vload_tbl[i]
			BATT_MODEL.esr[soc_index] = esr_tbl[i]
			BATT_MODEL.tstamp[soc_index] = tstamp_tbl[i] - tstamp_tbl[1]	-- Calculate model timestamps relative to timestamp of first raw timestamp
			start_index = i
		else
			BATT_MODEL.voc[soc_index] = voc_tbl[i-1]
			BATT_MODEL.vload[soc_index] = vload_tbl[i-1]
			BATT_MODEL.esr[soc_index] = esr_tbl[i-1]
			BATT_MODEL.tstamp[soc_index] = tstamp_tbl[i-1] - tstamp_tbl[1]	-- Calculate model timestamps relative to timestamp of first raw timestamp
			start_index = i - 1
		end
--> total time: 32s 23.128366ms


"Removed the objectCall rule"
(Ln   77, Col   1)   20s    15.5332ms
(Ln  860, Col   3)    7s  72.666341ms
